

> frontend@0.0.0 lint
> eslint .

[1G[0K[0m[0m
[0m[4m/home/jkondratenko/Nextcloud/projects/comp_sci/webdev/group/point-of-sale-system/frontend/src/components/database/data-table.jsx[24m[0m
[0m  [2m47:5[22m  [31merror[39m  Error: Calling setState synchronously within an effect can trigger cascading renders[0m
[0m[0m
[0mEffects are intended to synchronize state between React and external systems such as manually updating the DOM, state management libraries, or other platform APIs. In general, the body of an effect should do one or both of the following:[0m
[0m* Update external systems with the latest state from React.[0m
[0m* Subscribe for updates from some external system, calling setState in a callback function when external state changes.[0m
[0m[0m
[0mCalling setState synchronously within an effect body causes cascading renders that can hurt performance, and is not recommended. (https://react.dev/learn/you-might-not-need-an-effect).[0m
[0m[0m
[0m  45 |[0m
[0m  46 |   useEffect(() => {[0m
[0m> 47 |     setCurrentPage(1);[0m
[0m     |     ^^^^^^^^^^^^^^ Avoid calling setState() directly within an effect[0m
[0m  48 |   }, [searchTerm]);[0m
[0m  49 |[0m
[0m  50 |   useEffect(() => {  [2mreact-hooks/set-state-in-effect[22m[0m
[0m[0m
[0m[4m/home/jkondratenko/Nextcloud/projects/comp_sci/webdev/group/point-of-sale-system/frontend/src/components/hero.jsx[24m[0m
[0m  [2m2:10[22m  [31merror[39m  'motion' is defined but never used. Allowed unused vars must match /^[A-Z_]/u  [2mno-unused-vars[22m[0m
[0m[0m
[0m[4m/home/jkondratenko/Nextcloud/projects/comp_sci/webdev/group/point-of-sale-system/frontend/src/components/ui/badge.jsx[24m[0m
[0m  [2m46:17[22m  [31merror[39m  Fast refresh only works when a file only exports components. Use a new file to share constants or functions between components  [2mreact-refresh/only-export-components[22m[0m
[0m[0m
[0m[4m/home/jkondratenko/Nextcloud/projects/comp_sci/webdev/group/point-of-sale-system/frontend/src/components/ui/button.jsx[24m[0m
[0m  [2m60:18[22m  [31merror[39m  Fast refresh only works when a file only exports components. Use a new file to share constants or functions between components  [2mreact-refresh/only-export-components[22m[0m
[0m[0m
[0m[4m/home/jkondratenko/Nextcloud/projects/comp_sci/webdev/group/point-of-sale-system/frontend/src/components/ui/combobox.jsx[24m[0m
[0m  [2m258:3[22m  [31merror[39m  'children' is defined but never used                                                                                            [2mno-unused-vars[22m[0m
[0m  [2m289:3[22m  [31merror[39m  Fast refresh only works when a file only exports components. Use a new file to share constants or functions between components  [2mreact-refresh/only-export-components[22m[0m
[0m[0m
[0m[4m/home/jkondratenko/Nextcloud/projects/comp_sci/webdev/group/point-of-sale-system/frontend/src/components/ui/form.jsx[24m[0m
[0m  [2m136:3[22m  [31merror[39m  Fast refresh only works when a file only exports components. Use a new file to share constants or functions between components  [2mreact-refresh/only-export-components[22m[0m
[0m[0m
[0m[4m/home/jkondratenko/Nextcloud/projects/comp_sci/webdev/group/point-of-sale-system/frontend/src/components/ui/navigation-menu.jsx[24m[0m
[0m  [2m151:3[22m  [31merror[39m  Fast refresh only works when a file only exports components. Use a new file to share constants or functions between components  [2mreact-refresh/only-export-components[22m[0m
[0m[0m
[0m[4m/home/jkondratenko/Nextcloud/projects/comp_sci/webdev/group/point-of-sale-system/frontend/src/components/ui/sidebar.jsx[24m[0m
[0m  [2m576:26[22m  [31merror[39m  Error: Cannot call impure function during render[0m
[0m[0m
[0m`Math.random` is an impure function. Calling an impure function can produce unstable results that update unpredictably when the component happens to re-render. (https://react.dev/reference/rules/components-and-hooks-must-be-pure#components-and-hooks-must-be-idempotent).[0m
[0m[0m
[0m  574 |   // Random width between 50 to 90%.[0m
[0m  575 |   const width = React.useMemo(() => {[0m
[0m> 576 |     return `${Math.floor(Math.random() * 40) + 50}%`;[0m
[0m      |                          ^^^^^^^^^^^^^ Cannot call impure function[0m
[0m  577 |   }, [])[0m
[0m  578 |[0m
[0m  579 |   return (  [2mreact-hooks/purity[22m[0m
[0m  [2m681:3[22m   [31merror[39m  Fast refresh only works when a file only exports components. Use a new file to share constants or functions between components                                                                                                                                                                                                                                                                                                                                                                                                                                                                                     [2mreact-refresh/only-export-components[22m[0m
[0m[0m
[0m[4m/home/jkondratenko/Nextcloud/projects/comp_sci/webdev/group/point-of-sale-system/frontend/src/components/ui/tabs.jsx[24m[0m
[0m  [2m81:52[22m  [31merror[39m  Fast refresh only works when a file only exports components. Use a new file to share constants or functions between components  [2mreact-refresh/only-export-components[22m[0m
[0m[0m
[0m[4m/home/jkondratenko/Nextcloud/projects/comp_sci/webdev/group/point-of-sale-system/frontend/src/hooks/useOrders.js[24m[0m
[0m  [2m29:6[22m  [33mwarning[39m  React Hook useCallback has a missing dependency: 'headers'. Either include it or remove the dependency array                                                             [2mreact-hooks/exhaustive-deps[22m[0m
[0m  [2m41:6[22m  [33mwarning[39m  React Hook useCallback has a missing dependency: 'headers'. Either include it or remove the dependency array                                                             [2mreact-hooks/exhaustive-deps[22m[0m
[0m  [2m68:6[22m  [33mwarning[39m  React Hook useCallback has a missing dependency: 'headers'. Either include it or remove the dependency array                                                             [2mreact-hooks/exhaustive-deps[22m[0m
[0m  [2m74:6[22m  [33mwarning[39m  React Hook useEffect has missing dependencies: 'filterDate', 'page', 'search', 'showCancelled', and 'showCompleted'. Either include them or remove the dependency array  [2mreact-hooks/exhaustive-deps[22m[0m
[0m[0m
[0m[4m/home/jkondratenko/Nextcloud/projects/comp_sci/webdev/group/point-of-sale-system/frontend/src/hooks/useReports.js[24m[0m
[0m  [2m7:12[22m  [31merror[39m  Unexpected constant nullishness on the left-hand side of a `??` expression  [2mno-constant-binary-expression[22m[0m
[0m[0m
[0m[4m/home/jkondratenko/Nextcloud/projects/comp_sci/webdev/group/point-of-sale-system/frontend/src/routes/checkout.jsx[24m[0m
[0m  [2m77:6[22m  [33mwarning[39m  React Hook useEffect has a missing dependency: 'navigate'. Either include it or remove the dependency array  [2mreact-hooks/exhaustive-deps[22m[0m
[0m[0m
[0m[4m/home/jkondratenko/Nextcloud/projects/comp_sci/webdev/group/point-of-sale-system/frontend/src/routes/customer/create_customer.jsx[24m[0m
[0m  [2m48:10[22m  [31merror[39m  'phoneError' is assigned a value but never used. Allowed unused vars must match /^[A-Z_]/u  [2mno-unused-vars[22m[0m
[0m  [2m49:10[22m  [31merror[39m  'nameError' is assigned a value but never used. Allowed unused vars must match /^[A-Z_]/u   [2mno-unused-vars[22m[0m
[0m[0m
[0m[4m/home/jkondratenko/Nextcloud/projects/comp_sci/webdev/group/point-of-sale-system/frontend/src/routes/customer/database/customer.jsx[24m[0m
[0m  [2m144:14[22m  [31merror[39m  'err' is defined but never used  [2mno-unused-vars[22m[0m
[0m[0m
[0m[4m/home/jkondratenko/Nextcloud/projects/comp_sci/webdev/group/point-of-sale-system/frontend/src/routes/employee/database/customers.jsx[24m[0m
[0m  [2m59:14[22m  [31merror[39m  'err' is defined but never used  [2mno-unused-vars[22m[0m
[0m[0m
[0m[4m/home/jkondratenko/Nextcloud/projects/comp_sci/webdev/group/point-of-sale-system/frontend/src/routes/employee/database/menu_items.jsx[24m[0m
[0m  [2m108:14[22m  [31merror[39m  'err' is defined but never used  [2mno-unused-vars[22m[0m
[0m[0m
[0m[4m/home/jkondratenko/Nextcloud/projects/comp_sci/webdev/group/point-of-sale-system/frontend/src/routes/employee/inventory.jsx[24m[0m
[0m    [2m93:27[22m  [31merror[39m    'Icon' is defined but never used                                                                                                                                                                                                                                                                                                                                                                                                                                                                                                                                                                                                                                                                                                                                                                                                                                                                                                                                                                                                                                                                                                [2mno-unused-vars[22m[0m
[0m   [2m140:7[22m   [31merror[39m    Error: Calling setState synchronously within an effect can trigger cascading renders[0m
[0m[0m
[0mEffects are intended to synchronize state between React and external systems such as manually updating the DOM, state management libraries, or other platform APIs. In general, the body of an effect should do one or both of the following:[0m
[0m* Update external systems with the latest state from React.[0m
[0m* Subscribe for updates from some external system, calling setState in a callback function when external state changes.[0m
[0m[0m
[0mCalling setState synchronously within an effect body causes cascading renders that can hurt performance, and is not recommended. (https://react.dev/learn/you-might-not-need-an-effect).[0m
[0m[0m
[0m  138 |         initial[item.poItemId] = item.quantityOrdered;[0m
[0m  139 |       }[0m
[0m> 140 |       setReceived(initial);[0m
[0m      |       ^^^^^^^^^^^ Avoid calling setState() directly within an effect[0m
[0m  141 |     }[0m
[0m  142 |   }, [open, order]);[0m
[0m  143 |                                                                                                                                                           [2mreact-hooks/set-state-in-effect[22m[0m
[0m   [2m389:7[22m   [31merror[39m    Error: Calling setState synchronously within an effect can trigger cascading renders[0m
[0m[0m
[0mEffects are intended to synchronize state between React and external systems such as manually updating the DOM, state management libraries, or other platform APIs. In general, the body of an effect should do one or both of the following:[0m
[0m* Update external systems with the latest state from React.[0m
[0m* Subscribe for updates from some external system, calling setState in a callback function when external state changes.[0m
[0m[0m
[0mCalling setState synchronously within an effect body causes cascading renders that can hurt performance, and is not recommended. (https://react.dev/learn/you-might-not-need-an-effect).[0m
[0m[0m
[0m  387 |   useEffect(() => {[0m
[0m  388 |     if (open) {[0m
[0m> 389 |       setSelectedMenuItemId("");[0m
[0m      |       ^^^^^^^^^^^^^^^^^^^^^ Avoid calling setState() directly within an effect[0m
[0m  390 |       setQuantity(1);[0m
[0m  391 |       setRecipe([]);[0m
[0m  392 |       setShortages([]);                                                                                                                               [2mreact-hooks/set-state-in-effect[22m[0m
[0m   [2m398:7[22m   [31merror[39m    Error: Calling setState synchronously within an effect can trigger cascading renders[0m
[0m[0m
[0mEffects are intended to synchronize state between React and external systems such as manually updating the DOM, state management libraries, or other platform APIs. In general, the body of an effect should do one or both of the following:[0m
[0m* Update external systems with the latest state from React.[0m
[0m* Subscribe for updates from some external system, calling setState in a callback function when external state changes.[0m
[0m[0m
[0mCalling setState synchronously within an effect body causes cascading renders that can hurt performance, and is not recommended. (https://react.dev/learn/you-might-not-need-an-effect).[0m
[0m[0m
[0m  396 |   useEffect(() => {[0m
[0m  397 |     if (!selectedMenuItemId) {[0m
[0m> 398 |       setRecipe([]);[0m
[0m      |       ^^^^^^^^^ Avoid calling setState() directly within an effect[0m
[0m  399 |       setShortages([]);[0m
[0m  400 |       return;[0m
[0m  401 |     }                                                                                                                                                               [2mreact-hooks/set-state-in-effect[22m[0m
[0m   [2m416:27[22m  [31merror[39m    Error: Calling setState synchronously within an effect can trigger cascading renders[0m
[0m[0m
[0mEffects are intended to synchronize state between React and external systems such as manually updating the DOM, state management libraries, or other platform APIs. In general, the body of an effect should do one or both of the following:[0m
[0m* Update external systems with the latest state from React.[0m
[0m* Subscribe for updates from some external system, calling setState in a callback function when external state changes.[0m
[0m[0m
[0mCalling setState synchronously within an effect body causes cascading renders that can hurt performance, and is not recommended. (https://react.dev/learn/you-might-not-need-an-effect).[0m
[0m[0m
[0m  414 |[0m
[0m  415 |   useEffect(() => {[0m
[0m> 416 |     if (!recipe.length) { setShortages([]); return; }[0m
[0m      |                           ^^^^^^^^^^^^ Avoid calling setState() directly within an effect[0m
[0m  417 |     const problems = [];[0m
[0m  418 |     for (const r of recipe) {[0m
[0m  419 |       const needed = parseFloat(r.quantity_needed) * quantity;                                                            [2mreact-hooks/set-state-in-effect[22m[0m
[0m   [2m602:7[22m   [31merror[39m    Error: Calling setState synchronously within an effect can trigger cascading renders[0m
[0m[0m
[0mEffects are intended to synchronize state between React and external systems such as manually updating the DOM, state management libraries, or other platform APIs. In general, the body of an effect should do one or both of the following:[0m
[0m* Update external systems with the latest state from React.[0m
[0m* Subscribe for updates from some external system, calling setState in a callback function when external state changes.[0m
[0m[0m
[0mCalling setState synchronously within an effect body causes cascading renders that can hurt performance, and is not recommended. (https://react.dev/learn/you-might-not-need-an-effect).[0m
[0m[0m
[0m  600 |   useEffect(() => {[0m
[0m  601 |     if (open && selectedTruck) {[0m
[0m> 602 |       setProductions({});[0m
[0m      |       ^^^^^^^^^^^^^^ Avoid calling setState() directly within an effect[0m
[0m  603 |       setRecipesData({});[0m
[0m  604 |       setAggregatedIngredients({});[0m
[0m  605 |       setShortages([]);                                                                                                         [2mreact-hooks/set-state-in-effect[22m[0m
[0m   [2m686:5[22m   [31merror[39m    Error: Calling setState synchronously within an effect can trigger cascading renders[0m
[0m[0m
[0mEffects are intended to synchronize state between React and external systems such as manually updating the DOM, state management libraries, or other platform APIs. In general, the body of an effect should do one or both of the following:[0m
[0m* Update external systems with the latest state from React.[0m
[0m* Subscribe for updates from some external system, calling setState in a callback function when external state changes.[0m
[0m[0m
[0mCalling setState synchronously within an effect body causes cascading renders that can hurt performance, and is not recommended. (https://react.dev/learn/you-might-not-need-an-effect).[0m
[0m[0m
[0m  684 |     });[0m
[0m  685 |[0m
[0m> 686 |     setAggregatedIngredients(aggregated);[0m
[0m      |     ^^^^^^^^^^^^^^^^^^^^^^^^ Avoid calling setState() directly within an effect[0m
[0m  687 |     setShortages(hasShortage);[0m
[0m  688 |   }, [productions, recipesData, inventory]);[0m
[0m  689 |                                                                                                                                        [2mreact-hooks/set-state-in-effect[22m[0m
[0m   [2m926:17[22m  [31merror[39m    Error: Calling setState synchronously within an effect can trigger cascading renders[0m
[0m[0m
[0mEffects are intended to synchronize state between React and external systems such as manually updating the DOM, state management libraries, or other platform APIs. In general, the body of an effect should do one or both of the following:[0m
[0m* Update external systems with the latest state from React.[0m
[0m* Subscribe for updates from some external system, calling setState in a callback function when external state changes.[0m
[0m[0m
[0mCalling setState synchronously within an effect body causes cascading renders that can hurt performance, and is not recommended. (https://react.dev/learn/you-might-not-need-an-effect).[0m
[0m[0m
[0m  924 |[0m
[0m  925 |   useEffect(() => {[0m
[0m> 926 |     if (open) { setQty(""); setType("waste"); setReason(""); }[0m
[0m      |                 ^^^^^^ Avoid calling setState() directly within an effect[0m
[0m  927 |   }, [open]);[0m
[0m  928 |[0m
[0m  929 |   const invalid = !qty || parseFloat(qty) <= 0 || parseFloat(qty) > (item?.quantityOnHand ?? 0);                                                                          [2mreact-hooks/set-state-in-effect[22m[0m
[0m  [2m1010:31[22m  [31merror[39m    Error: Calling setState synchronously within an effect can trigger cascading renders[0m
[0m[0m
[0mEffects are intended to synchronize state between React and external systems such as manually updating the DOM, state management libraries, or other platform APIs. In general, the body of an effect should do one or both of the following:[0m
[0m* Update external systems with the latest state from React.[0m
[0m* Subscribe for updates from some external system, calling setState in a callback function when external state changes.[0m
[0m[0m
[0mCalling setState synchronously within an effect body causes cascading renders that can hurt performance, and is not recommended. (https://react.dev/learn/you-might-not-need-an-effect).[0m
[0m[0m
[0m  1008 |     ? Math.max(item.reorderThreshold * 3 - item.quantityOnHand, item.reorderThreshold).toFixed(2)[0m
[0m  1009 |     : "0";[0m
[0m> 1010 |   useEffect(() => { if (open) setQty(suggested); }, [open, suggested]);[0m
[0m       |                               ^^^^^^ Avoid calling setState() directly within an effect[0m
[0m  1011 |[0m
[0m  1012 |   return ([0m
[0m  1013 |     <Dialog open={open} onOpenChange={onOpenChange}>  [2mreact-hooks/set-state-in-effect[22m[0m
[0m  [2m1119:6[22m   [33mwarning[39m  React Hook useEffect has a missing dependency: 'showToast'. Either include it or remove the dependency array                                                                                                                                                                                                                                                                                                                                                                                                                                                                                                                                                                                                                                                                                                                                                                                                                                                                                                                                                                                                                    [2mreact-hooks/exhaustive-deps[22m[0m
[0m  [2m1137:6[22m   [33mwarning[39m  React Hook useCallback has a missing dependency: 'showToast'. Either include it or remove the dependency array                                                                                                                                                                                                                                                                                                                                                                                                                                                                                                                                                                                                                                                                                                                                                                                                                                                                                                                                                                                                                  [2mreact-hooks/exhaustive-deps[22m[0m
[0m[0m
[0m[4m/home/jkondratenko/Nextcloud/projects/comp_sci/webdev/group/point-of-sale-system/frontend/src/routes/employee/orders.jsx[24m[0m
[0m  [2m38:11[22m  [31merror[39m    Empty block statement                                                                                     [2mno-empty[22m[0m
[0m  [2m53:6[22m   [33mwarning[39m  React Hook useEffect has a missing dependency: 'token'. Either include it or remove the dependency array  [2mreact-hooks/exhaustive-deps[22m[0m
[0m[0m
[0m[4m/home/jkondratenko/Nextcloud/projects/comp_sci/webdev/group/point-of-sale-system/frontend/src/routes/employee/reports.jsx[24m[0m
[0m  [2m58:12[22m  [31merror[39m  Unexpected constant nullishness on the left-hand side of a `??` expression  [2mno-constant-binary-expression[22m[0m
[0m[0m
[0m[4m/home/jkondratenko/Nextcloud/projects/comp_sci/webdev/group/point-of-sale-system/frontend/src/routes/order.jsx[24m[0m
[0m  [2m43:9[22m   [31merror[39m  'itemsToShow' is assigned a value but never used. Allowed unused vars must match /^[A-Z_]/u  [2mno-unused-vars[22m[0m
[0m  [2m89:21[22m  [31merror[39m  'ids' is assigned a value but never used. Allowed unused vars must match /^[A-Z_]/u          [2mno-unused-vars[22m[0m
[0m[0m
[0m[31m[1m✖ 38 problems (30 errors, 8 warnings)[22m[39m[0m
[0m[31m[1m[22m[39m[0m
[1G[0K⠙[1G[0K[1mnpm[22m [31merror[39m Lifecycle script `lint` failed with error:
[1G[0K⠙[1G[0K[1mnpm[22m [31merror[39m [94mcode[39m [33m1[39m
[1G[0K⠙[1G[0K[1mnpm[22m [31merror[39m [94mpath[39m /home/jkondratenko/Nextcloud/projects/comp_sci/webdev/group/point-of-sale-system/frontend
[1G[0K⠙[1G[0K[1mnpm[22m [31merror[39m [94mworkspace[39m frontend@0.0.0
[1G[0K⠙[1G[0K[1mnpm[22m [31merror[39m [94mlocation[39m /home/jkondratenko/Nextcloud/projects/comp_sci/webdev/group/point-of-sale-system/frontend
[1G[0K⠙[1G[0K[1mnpm[22m [31merror[39m command failed
[1G[0K⠙[1G[0K[1mnpm[22m [31merror[39m [94mcommand[39m sh -c eslint .
[1G[0K⠙[1G[0K
